<?xml version="1.0" encoding="UTF-8"?>
<!-- Generated by org.testng.reporters.JUnitXMLReporter -->
<testsuite ignored="0" hostname="oguzhans-MacBook-Pro.local" failures="0" tests="3" name="Surefire test" time="17.835" errors="0" timestamp="2025-03-08T10:48:44 GMT+03:00">
  <testcase classname="MainPageTest" name="searchTest" time="2.797"/>
  <testcase classname="LoginTest" name="loginSuccessful" time="3.683"/>
  <testcase classname="LoginTest" name="loginUnsuccessful" time="3.327"/>
</testsuite> <!-- Surefire test -->
