<?xml version="1.0" encoding="UTF-8"?>
<testsuite xmlns:xsi="http://www.w3.org/2001/XMLSchema-instance" xsi:noNamespaceSchemaLocation="https://maven.apache.org/surefire/maven-surefire-plugin/xsd/surefire-test-report-3.0.xsd" version="3.0" name="TestSuite" time="18.078" tests="3" errors="0" skipped="0" failures="0">
  <properties>
[...]
</properties>
  <testcase name="searchTest" classname="MainPageTest" time="2.786">
    <system-out><![CDATA[✅ Ürüne tıklanıyor...
🔗 Ürün linki: https://www.gruppal.com/kore-japonya-turlari-seul-tokyo-kyoto-osaka
✅ Ürün yeni sekmede açıldı!
🔍 Mevcut sekmeler: [C22E90A5C15DF9532F57E17C1DEAA259, BEAFAEF78AB86C5E8D4AC4F1E0FC4048]
✅ Yeni sekmeye geçildi: Kore Japonya Turları | Kore Japonya Turu Fırsatları
✅ Yeni sekme tamamen yüklendi.
✅ Beklenen URL açıldı: https://www.gruppal.com/kore-japonya-turlari-seul-tokyo-kyoto-osaka
]]></system-out>
    <system-err><![CDATA[SLF4J(W): No SLF4J providers were found.
SLF4J(W): Defaulting to no-operation (NOP) logger implementation
SLF4J(W): See https://www.slf4j.org/codes.html#noProviders for further details.
Mar 08, 2025 10:48:28 AM org.openqa.selenium.devtools.CdpVersionFinder findNearestMatch
WARNING: Unable to find an exact match for CDP version 134, returning the closest version; found: 132; Please update to a Selenium version that supports CDP version 134
]]></system-err>
  </testcase>
  <testcase name="loginSuccessful" classname="LoginTest" time="3.681">
    <system-err><![CDATA[Mar 08, 2025 10:48:33 AM org.openqa.selenium.devtools.CdpVersionFinder findNearestMatch
WARNING: Unable to find an exact match for CDP version 134, returning the closest version; found: 132; Please update to a Selenium version that supports CDP version 134
]]></system-err>
  </testcase>
  <testcase name="loginUnsuccessful" classname="LoginTest" time="3.327">
    <system-err><![CDATA[Mar 08, 2025 10:48:39 AM org.openqa.selenium.devtools.CdpVersionFinder findNearestMatch
WARNING: Unable to find an exact match for CDP version 134, returning the closest version; found: 132; Please update to a Selenium version that supports CDP version 134
]]></system-err>
  </testcase>
</testsuite>